row 21 ok ['', '', '', '', '', '']
row 22 ok ['121.0', '118.4', '120.4', '127.8', '124.0', '113.8']
row 23 ok ['110.4', '113.2', '111.0', '113.2', '', '123.5']
row 24 ok ['139.0', '146.0', '139.0', '146.0', '120.0', '133.3']
row 25 ok ['130.8', '147.6', '131.4', '144.4', '111.5', '110.3']
row 26 ok ['127.7', '133.7', '96.0', '128.0', '118.8', '106.5']
row 27 ok ['137.3', '141.2', '132.8', '142.9', '113.8', '130.8']
row 28 ok ['121.6', '133.5', '109.6', '130.7', '', '114.0']
row 29 ok ['115.0', '109.7', '115.4', '123.4', '141.3', '140.5']
row 30 ok ['141.0', '145.5', '132.0', '138.0', '137.5', '134.3']
row 31 ok ['', '', '', '', '', '']
row 32 ok ['137.0', '141.0', '131.0', '134.0', '127.0', '127.5']
row 33 ok ['', '', '', '', '', '']
row 34 ok ['', '', '', '', '', '']
row 35 ok ['141.0', '145.0', '140.0', '144.0', '120.5', '135.3']
row 36 ok ['140.2', '145.0', '145.0', '162.0', '141.8', '145.5']
row 37 ok ['143.8', '147.4', '150.6', '154.4', '141.5', '140.3']
row 38 ok ['', '', '', '', '', '']
row 39 ok ['154.0', '177.0', '166.5', '184.0', '161.0', '176.5']
row 40 ok ['', '', '', '', '', '']
updated rows 21-40
row 41 ok ['', '', '', '', '', '']
row 42 ok ['', '', '', '', '', '']
row 43 ok ['160.0', '177.5', '171.5', '184.0', '161.3', '172.5']
row 44 ok ['153.5', '159.5', '156.8', '179.0', '156.8', '167.3']
row 45 ok ['167.5', '185.0', '179.0', '189.0', '172.8', '185.0']
row 46 ok ['184.5', '192.0', '186.0', '193.5', '178.8', '191.8']
row 47 ok ['145.5', '', '154.5', '158.0', '140.8', '136.3']
row 48 ok ['', '', '', '', '', '']
row 49 ok ['152.5', '181.5', '154.5', '156.5', '149.3', '155.0']
row 50 ok ['132.8', '131.6', '135.6', '149.4', '120.0', '109.5']
row 51 ok ['157.9', '169.7', '164.2', '171.2', '157.3', '163.8']
row 52 ok ['164.5', '173.5', '147.3', '157.8', '154.5', '169.0']
row 53 ok ['126.4', '144.3', '146.8', '146.5', '138.3', '137.0']
row 54 ok ['141.0', '141.5', '136.0', '148.5', '114.8', '124.5']
row 55 ok ['', '', '126.0', '124.5', '120.8', '120.8']
row 56 ok ['154.2', '159.3', '165.6', '165.8', '131.0', '135.8']
row 57 ok ['166.5', '186.5', '174.5', '190.0', '170.5', '181.0']
row 58 ok ['119.1', '112.0', '135.4', '154.7', '131.8', '143.0']
row 59 ok ['', '', '', '', '', '']
row 60 ok ['139.0', '147.0', '152.8', '159.5', '138.0', '137.0']
updated rows 41-60
row 61 ok ['122.3', '112.6', '131.9', '133.2', '115.0', '118.3']
row 62 ok ['', '', '', '', '', '']
row 63 ok ['150.5', '156.0', '169.0', '181.5', '156.5', '169.0']
row 64 ok ['148.0', '160.5', '151.0', '160.5', '141.3', '153.0']
row 65 ok ['164.0', '165.5', '167.4', '179.8', '163.3', '172.0']
row 66 ok ['', '', '', '', '116.8', '129.5']
row 67 ok ['157.4', '159.8', '156.6', '166.1', '125.0', '133.8']
row 68 ok ['149.5', '154.7', '147.4', '154.2', '124.8', '122.8']
row 69 ok ['126.0', '130.0', '114.6', '129.0', '123.3', '121.8']
row 70 ok ['130.2', '137.9', '125.6', '132.6', '141.5', '']
row 71 ok ['138.3', '137.0', '133.5', '132.5', '143.5', '143.0']
row 72 ok ['122.8', '129.1', '122.6', '133.5', '122.0', '119.0']
row 73 ok ['154.0', '162.5', '154.0', '163.5', '144.0', '149.8']
row 74 ok ['131.5', '131.5', '132.7', '135.8', '140.0', '122.5']
row 75 ok ['132.2', '121.3', '119.2', '129.9', '129.5', '124.3']
row 76 ok ['131.2', '133.6', '129.7', '160.2', '132.0', '']
row 77 ok ['', '', '', '', '', '']
row 78 ok ['184.5', '', '181.8', '194.5', '180.0', '186.5']
row 79 ok ['118.7', '108.7', '112.9', '116.6', '127.3', '105.5']
row 80 ok ['165.3', '', '165.0', '165.3', '128.3', '145.5']
updated rows 61-80
row 81 ok ['140.3', '145.3', '115.2', '130.2', '126.0', '139.8']
row 82 ok ['', '', '', '', '', '']
row 83 ok ['', '', '', '', '', '']
row 84 ok ['', '', '', '', '', '']
row 85 ok ['160.5', '171.0', '157.5', '159.0', '136.3', '137.3']
row 86 ok ['144.5', '146.0', '142.8', '143.8', '132.8', '137.0']
row 87 ok ['123.3', '129.5', '132.0', '137.5', '142.3', '134.3']
row 88 ok ['', '', '', '', '', '']
row 89 ok ['158.0', '165.0', '150.5', '145.5', '155.3', '152.3']
row 90 ok ['', '', '', '', '', '']
row 91 ok ['154.2', '150.6', '149.6', '150.0', '127.8', '139.3']
row 92 ok ['118.0', '124.0', '112.3', '117.3', '144.5', '132.3']
row 93 ok ['112.0', '110.0', '105.0', '113.3', '119.0', '120.3']
row 94 ok ['', '', '', '', '', '']
row 95 ok ['', '', '', '', '', '']
row 96 ok ['', '', '', '', '', '']
row 97 ok ['121.6', '121.4', '120.8', '118.5', '124.8', '126.8']
row 98 ok ['144.2', '139.8', '129.2', '136.8', '122.3', '119.5']
row 99 ok ['', '', '', '', '', '']
row 100 ok ['136.5', '132.2', '128.0', '122.2', '120.8', '124.5']
updated rows 81-100
row 101 ok ['', '', '', '', '', '']
row 102 ok ['', '', '', '', '', '']
row 103 ok ['128.5', '125.1', '120.4', '119.7', '115.0', '111.0']
row 104 ok ['', '', '', '', '', '']
row 105 ok ['97.0', '119.0', '117.3', '116.2', '', '121.8']
row 106 ok ['', '', '', '', '', '']
row 107 ok ['', '', '', '', '', '']
row 108 ok ['', '', '', '', '', '']
row 109 ok ['152.5', '161.3', '154.5', '172.3', '141.8', '126.0']
row 110 ok ['129.8', '114.3', '132.7', '124.5', '115.8', '118.8']
row 111 ok ['', '', '', '', '', '']
row 112 ok ['153.8', '154.0', '160.0', '158.4', '137.0', '129.3']
row 113 ok ['166.5', '178.5', '163.0', '153.5', '151.3', '150.0']
row 114 ok ['', '', '', '', '', '']
row 115 ok ['147.1', '145.6', '149.5', '147.2', '130.5', '128.5']
row 116 ok ['138.9', '136.3', '131.5', '128.9', '130.5', '144.3']
row 117 ok ['115.6', '119.0', '123.3', '116.5', '112.5', '127.8']
row 118 ok ['135.7', '134.4', '132.2', '132.6', '116.3', '132.5']
row 119 ok ['129.3', '124.3', '121.4', '113.9', '134.5', '135.3']
row 120 ok ['119.7', '119.3', '116.3', '119.1', '123.0', '110.0']
updated rows 101-120
row 121 ok ['', '', '', '', '', '']
row 122 ok ['', '', '', '', '', '']
row 123 ok ['', '', '', '', '', '']
row 124 ok ['', '', '', '', '', '']
row 125 ok ['', '', '', '', '', '']
row 126 ok ['118.0', '115.6', '125.8', '116.1', '108.8', '']
row 127 ok ['101.0', '112.4', '112.0', '117.2', '120.3', '']
row 128 ok ['174.5', '169.0', '170.0', '162.5', '131.8', '137.8']
row 129 ok ['177.5', '', '177.3', '', '176.8', '']
row 130 ok ['', '', '', '', '', '']
row 131 ok ['', '', '', '', '', '']
row 132 ok ['', '', '', '', '', '']
row 133 ok ['', '', '', '', '125.8', '140.8']
row 134 ok ['159.0', '164.5', '163.5', '171.0', '136.3', '157.3']
row 135 ok ['159.8', '162.8', '161.2', '166.8', '157.8', '157.0']
row 136 ok ['146.0', '', '150.4', '158.6', '144.5', '151.3']
row 137 ok ['', '', '', '', '', '']
row 138 ok ['', '', '', '', '', '']
row 139 ok ['114.6', '125.4', '120.4', '114.5', '112.3', '120.3']
row 140 ok ['117.6', '141.0', '136.2', '141.5', '126.3', '123.0']
updated rows 121-140
row 141 ok ['146.6', '151.4', '148.6', '155.0', '143.8', '137.3']
row 142 ok ['', '', '', '', '', '']
row 143 ok ['152.0', '150.8', '144.0', '147.0', '138.3', '136.8']
row 144 ok ['161.5', '166.0', '165.5', '169.0', '160.5', '163.0']
row 145 ok ['159.0', '158.0', '162.0', '161.5', '158.3', '155.3']
row 146 ok ['158.8', '158.0', '163.0', '162.2', '125.0', '122.8']
row 147 ok ['', '', '', '', '', '']
row 148 ok ['', '', '', '', '', '']
row 149 ok ['95.0', '', '', '', '', '']
row 150 ok ['', '', '', '', '', '']
row 151 ok ['', '', '', '', '', '']
row 152 ok ['116.8', '112.0', '114.5', '120.4', '117.8', '109.3']
row 153 ok ['137.0', '135.4', '129.8', '127.6', '123.0', '122.3']
row 154 ok ['151.0', '165.0', '146.5', '157.3', '153.8', '160.5']
row 155 ok ['', '', '', '', '', '']
row 156 ok ['', '', '', '', '', '']
row 157 ok ['', '', '', '', '', '']
row 158 ok ['142.1', '146.2', '148.0', '146.9', '153.5', '152.0']
row 159 ok ['', '', '', '', '', '']
row 160 ok ['', '', '', '', '118.3', '115.0']
updated rows 141-160
row 161 ok ['119.8', '110.3', '111.0', '118.6', '114.5', '119.5']
row 162 ok ['144.8', '148.8', '120.1', '127.1', '124.5', '118.5']
row 163 ok ['162.2', '160.4', '150.3', '145.8', '140.8', '127.0']
row 164 ok ['161.8', '166.2', '158.7', '156.9', '145.0', '140.3']
row 165 ok ['164.5', '162.3', '166.0', '163.0', '149.0', '144.5']
row 166 ok ['153.4', '153.2', '147.6', '154.1', '138.5', '134.3']
row 167 ok ['', '', '', '', '', '']
row 168 ok ['148.6', '156.6', '147.0', '150.8', '118.0', '117.5']
row 169 ok ['', '', '', '', '', '']
row 170 ok ['167.5', '171.5', '163.5', '170.5', '160.0', '163.3']
row 171 ok ['152.7', '152.6', '149.8', '151.3', '148.3', '146.0']
row 172 ok ['148.9', '147.4', '146.8', '150.7', '143.0', '140.3']
row 173 ok ['169.0', '173.4', '168.8', '168.6', '163.8', '162.8']
row 174 ok ['175.6', '182.2', '173.0', '176.8', '174.0', '171.3']
row 175 ok ['', '', '', '', '', '']
row 176 ok ['', '', '', '', '', '']
row 177 ok ['', '', '', '', '', '']
row 178 ok ['', '', '', '', '', '']
row 179 ok ['', '', '', '', '', '']
row 180 ok ['132.0', '150.0', '134.5', '149.0', '112.5', '135.3']
updated rows 161-180
row 181 ok ['145.1', '144.8', '141.6', '147.7', '132.5', '132.0']
row 182 ok ['151.5', '160.0', '151.0', '165.0', '143.5', '156.3']
row 183 ok ['136.6', '155.8', '137.6', '153.0', '127.0', '111.3']
row 184 ok ['', '', '', '', '', '']
row 185 ok ['', '', '', '', '', '']
row 186 ok ['161.5', '159.5', '160.0', '159.5', '152.3', '150.5']
row 187 ok ['', '', '', '', '', '']
row 188 ok ['160.0', '155.4', '165.2', '156.9', '151.0', '145.0']
row 189 ok ['148.8', '146.6', '147.4', '148.6', '137.5', '139.0']
row 190 ok ['', '', '', '', '', '']
row 191 ok ['', '', '', '', '', '']
row 192 ok ['', '', '', '', '', '']
row 193 ok ['151.3', '155.5', '148.3', '150.3', '148.8', '151.8']
row 194 ok ['', '', '', '', '', '']
row 195 ok ['152.8', '151.0', '153.5', '152.2', '151.0', '158.5']
row 196 ok ['', '', '', '', '', '']
row 197 ok ['105.0', '122.5', '105.0', '', '109.0', '100.0']
row 198 ok ['139.5', '143.5', '135.0', '151.5', '134.3', '139.5']
row 199 ok ['148.0', '150.8', '146.6', '153.6', '146.3', '143.5']
row 200 ok ['', '', '', '', '', '']
updated rows 181-200
row 201 ok ['', '', '', '', '', '']
row 202 ok ['153.5', '146.5', '148.0', '144.0', '147.5', '148.8']
row 203 ok ['', '', '', '', '', '']
row 204 ok ['', '', '', '', '', '']
row 205 ok ['', '', '', '', '', '']
row 206 ok ['', '', '', '', '', '']
resuming from row 200
row 200 ok ['', '', '', '', '', '']
row 201 ok ['', '', '', '', '', '']
row 202 ok ['153.5', '146.5', '148.0', '144.0', '147.5', '148.8']
row 203 ok ['', '', '', '', '', '']
row 204 ok ['', '', '', '', '', '']
row 205 ok ['', '', '', '', '', '']
row 206 ok ['', '', '', '', '', '']
row 207 ok ['', '', '', '', '', '']
row 208 ok ['', '', '', '', '', '']
row 209 ok ['', '', '', '', '', '']
row 210 ok ['', '', '', '', '', '']
row 211 ok ['', '', '', '', '', '']
row 212 ok ['', '', '', '', '', '']
row 213 ok ['164.8', '169.5', '155.5', '164.3', '162.0', '159.3']
row 214 ok ['140.5', '138.0', '130.5', '128.5', '143.5', '138.5']
row 215 ok ['152.0', '151.8', '148.0', '142.3', '142.8', '138.0']
row 216 ok ['', '', '', '', '', '']
row 217 ok ['', '', '', '', '', '']
row 218 ok ['', '', '', '', '', '']
row 219 ok ['', '', '', '', '', '']
updated rows 200-219
row 220 ok ['', '', '', '', '', '']
row 221 ok ['', '', '97.0', '', '138.3', '121.3']
row 222 ok ['137.5', '134.0', '139.5', '131.5', '138.8', '136.5']
row 223 ok ['147.1', '150.4', '144.1', '145.2', '126.3', '111.8']
row 224 ok ['', '', '', '', '130.3', '118.3']
row 225 ok ['', '', '', '', '', '']
row 226 ok ['', '', '', '', '', '']
row 227 ok ['154.9', '154.0', '160.4', '161.5', '147.4', '148.8']
row 228 ok ['', '', '', '', '123.5', '118.3']
row 229 ok ['166.6', '163.5', '164.2', '163.0', '157.5', '162.3']
row 230 ok ['151.9', '150.4', '145.6', '153.2', '132.5', '128.3']
row 231 ok ['', '', '', '', '', '']
row 232 ok ['145.0', '151.3', '140.0', '147.3', '129.0', '127.8']
row 233 ok ['143.8', '149.1', '146.5', '150.7', '141.3', '119.0']
row 234 ok ['', '', '', '', '', '']
row 235 ok ['', '', '', '', '', '']
row 236 ok ['152.3', '158.4', '150.4', '162.6', '128.5', '140.8']
row 237 ok ['165.8', '164.9', '164.3', '163.0', '160.3', '159.8']
row 238 ok ['154.5', '158.9', '148.7', '149.6', '148.5', '139.0']
row 239 ok ['146.4', '145.8', '143.9', '146.3', '132.5', '138.0']
updated rows 220-239
row 240 ok ['114.9', '114.1', '110.3', '112.1', '114.8', '123.8']
row 241 ok ['139.0', '141.5', '134.4', '143.2', '114.0', '121.5']
row 242 ok ['149.9', '158.9', '148.0', '152.0', '136.8', '144.8']
row 243 ok ['137.0', '152.4', '134.8', '146.0', '109.0', '111.5']
row 244 ok ['107.0', '130.7', '109.7', '124.5', '111.0', '112.3']
row 245 ok ['', '', '', '', '', '']
row 246 ok ['151.5', '152.1', '153.8', '158.1', '134.8', '138.0']
row 247 ok ['140.8', '148.4', '140.0', '145.6', '146.0', '147.8']
row 248 ok ['135.6', '139.9', '127.3', '136.2', '113.0', '106.8']
row 249 ok ['120.4', '125.7', '128.1', '132.3', '115.5', '107.8']
row 250 ok ['131.8', '144.9', '135.4', '144.1', '112.0', '118.3']
row 251 ok ['', '', '', '', '', '']
row 252 ok ['134.4', '132.8', '138.8', '142.1', '127.0', '148.5']
row 253 ok ['', '', '', '', '', '']
row 254 ok ['120.8', '119.7', '120.1', '117.8', '133.3', '121.5']
row 255 ok ['112.9', '120.5', '102.0', '103.5', '109.0', '123.0']
row 256 ok ['', '', '', '', '141.8', '141.5']
row 257 ok ['124.8', '125.7', '125.1', '121.2', '109.5', '']
row 258 ok ['129.7', '131.0', '131.9', '139.0', '114.8', '130.0']
row 259 ok ['146.4', '144.0', '147.5', '149.0', '125.5', '135.5']
updated rows 240-259
row 260 ok ['143.5', '141.1', '144.3', '144.4', '122.0', '109.5']
row 261 ok ['161.2', '162.6', '167.6', '170.2', '162.5', '163.0']
row 262 ok ['129.2', '131.2', '132.1', '128.8', '122.2', '126.5']
row 263 ok ['145.3', '144.7', '152.1', '149.5', '106.5', '130.0']
row 264 ok ['129.5', '133.2', '130.8', '144.7', '125.5', '125.8']
row 265 ok ['137.9', '145.2', '137.8', '146.4', '108.5', '118.3']
row 266 ok ['129.0', '137.0', '135.0', '139.1', '113.8', '121.8']
row 267 ok ['146.6', '141.0', '141.5', '148.2', '125.5', '129.3']
row 268 ok ['131.8', '138.9', '132.1', '145.3', '113.0', '111.8']
row 269 ok ['126.3', '132.7', '107.0', '134.2', '95.5', '118.3']
row 270 ok ['126.9', '134.0', '131.3', '143.1', '', '132.3']
row 271 ok ['138.2', '144.1', '138.8', '144.9', '121.8', '126.3']
row 272 ok ['', '', '', '', '115.5', '127.0']
row 273 ok ['135.7', '142.9', '132.8', '141.9', '139.3', '127.0']
row 274 ok ['131.6', '135.4', '128.1', '145.2', '163.8', '']
row 275 ok ['162.8', '160.5', '159.3', '161.4', '151.3', '145.0']
row 276 ok ['174.4', '176.6', '174.4', '175.2', '164.0', '162.8']
row 277 ok ['168.8', '171.2', '172.4', '172.4', '158.5', '158.8']
row 278 ok ['118.3', '145.9', '125.8', '130.8', '110.3', '106.0']
row 279 ok ['', '', '', '', '', '']
updated rows 260-279
row 280 ok ['120.5', '181.0', '128.5', '', '121.3', '123.0']
row 281 ok ['174.0', '189.0', '160.3', '168.8', '162.8', '181.3']
row 282 ok ['172.5', '', '180.5', '', '172.6', '179.9']
row 283 ok ['143.6', '139.6', '140.4', '147.2', '114.5', '139.3']
row 284 ok ['146.2', '152.3', '149.8', '152.1', '143.7', '155.7']
row 285 ok ['129.9', '136.2', '140.3', '143.6', '123.8', '117.3']
row 286 ok ['', '', '', '', '', '']
row 287 ok ['', '', '', '', '', '']
row 288 ok ['171.5', '189.0', '177.0', '183.5', '173.5', '180.8']
row 289 ok ['135.6', '147.5', '150.6', '152.3', '148.5', '144.5']
row 290 ok ['', '', '147.2', '145.1', '118.0', '138.0']
row 291 ok ['146.9', '154.8', '156.6', '173.3', '144.5', '160.8']
row 292 ok ['', '', '119.0', '133.0', '126.8', '134.3']
row 293 ok ['164.5', '171.5', '159.3', '168.8', '160.8', '168.3']
row 294 ok ['135.1', '132.4', '139.5', '155.3', '135.0', '139.5']
row 295 ok ['175.0', '191.0', '178.5', '189.0', '176.0', '']
row 296 ok ['127.3', '143.3', '138.4', '148.5', '125.3', '118.0']
row 297 ok ['158.0', '170.5', '165.5', '181.0', '156.0', '162.0']
row 298 ok ['', '', '117.9', '140.3', '121.5', '116.3']
row 299 ok ['141.9', '148.6', '151.0', '153.4', '144.5', '147.5']
updated rows 280-299
row 300 ok ['158.8', '166.3', '164.4', '180.9', '161.0', '164.3']
row 301 ok ['154.0', '152.0', '161.8', '158.6', '153.5', '144.8']
row 302 ok ['119.5', '134.7', '140.0', '149.4', '112.0', '105.0']
row 303 ok ['145.4', '151.7', '146.3', '153.9', '137.0', '141.5']
row 304 ok ['142.1', '146.3', '152.2', '156.5', '145.8', '152.5']
row 305 ok ['144.5', '154.6', '154.0', '173.3', '145.8', '150.8']
row 306 ok ['', '', '', '', '', '']
row 307 ok ['148.5', '152.5', '155.8', '160.9', '139.5', '134.8']
row 308 ok ['107.0', '112.0', '115.0', '118.7', '115.8', '111.0']
row 309 ok ['164.0', '168.2', '174.4', '178.6', '151.5', '168.8']
row 310 ok ['', '', '', '', '', '']
row 311 ok ['165.5', '179.5', '171.5', '', '164.5', '171.8']
row 312 ok ['153.6', '148.3', '157.2', '158.3', '129.0', '135.5']
row 313 ok ['', '', '', '', '', '']
row 314 ok ['', '', '', '', '', '']
row 315 ok ['145.8', '163.3', '159.3', '171.3', '162.8', '187.8']
row 316 ok ['137.2', '148.2', '150.0', '151.0', '129.5', '132.8']
row 317 ok ['144.0', '147.7', '149.2', '151.9', '137.0', '148.0']
row 318 ok ['142.5', '148.4', '150.1', '150.0', '131.8', '132.8']
row 319 ok ['126.0', '138.3', '128.0', '143.8', '120.8', '123.0']
updated rows 300-319
row 320 ok ['120.9', '114.9', '121.2', '138.6', '106.0', '132.3']
row 321 ok ['134.2', '132.6', '129.5', '136.3', '124.0', '100.5']
row 322 ok ['137.3', '143.7', '129.5', '141.5', '112.8', '122.0']
row 323 ok ['111.9', '115.8', '116.5', '100.0', '112.5', '111.0']
row 324 ok ['', '', '', '', '', '127.5']
row 325 ok ['138.0', '144.2', '138.4', '151.2', '119.0', '125.0']
row 326 ok ['', '', '163.0', '164.0', '151.5', '161.3']
row 327 ok ['152.1', '161.3', '153.7', '160.2', '131.3', '137.5']
row 328 ok ['143.4', '155.3', '137.7', '157.6', '114.0', '128.5']
row 329 ok ['137.6', '132.5', '126.2', '133.4', '113.8', '118.3']
row 330 ok ['140.7', '143.5', '137.3', '145.3', '113.8', '133.0']
row 331 ok ['136.8', '138.7', '131.3', '139.0', '110.8', '113.5']
row 332 ok ['128.9', '131.4', '126.2', '132.3', '130.8', '109.8']
row 333 ok ['130.2', '134.0', '118.2', '131.6', '107.0', '110.5']
row 334 ok ['138.7', '140.3', '133.2', '144.0', '130.3', '125.3']
row 335 ok ['137.8', '133.4', '133.3', '133.7', '122.0', '113.8']
row 336 ok ['114.0', '103.2', '110.6', '128.8', '112.5', '107.5']
row 337 ok ['116.0', '124.7', '108.2', '95.0', '111.8', '108.0']
row 338 ok ['145.0', '149.5', '133.9', '137.7', '120.0', '117.0']
row 339 ok ['135.8', '136.0', '124.6', '126.8', '114.0', '125.3']
updated rows 320-339
row 340 ok ['155.7', '150.9', '142.2', '146.1', '125.3', '126.3']
row 341 ok ['135.6', '137.3', '129.2', '128.0', '128.3', '137.5']
row 342 ok ['151.2', '152.0', '150.6', '150.0', '116.3', '104.0']
row 343 ok ['112.6', '113.2', '121.8', '117.8', '117.0', '120.3']
row 344 ok ['113.6', '127.9', '132.3', '139.9', '144.5', '123.3']
row 345 ok ['', '', '', '', '', '']
row 346 ok ['159.8', '161.8', '159.5', '164.8', '163.3', '165.5']
row 347 ok ['177.4', '178.0', '177.6', '180.4', '173.3', '174.5']
row 348 ok ['181.4', '182.0', '182.2', '184.0', '177.8', '177.3']
row 349 ok ['', '', '', '', '', '']
row 350 ok ['', '', '', '', '', '']
row 351 ok ['155.0', '157.5', '153.8', '159.5', '158.8', '162.3']
row 352 ok ['173.2', '176.4', '175.2', '176.4', '167.5', '170.0']
row 353 ok ['', '', '', '', '', '']
row 354 ok ['161.8', '163.3', '166.8', '167.0', '162.0', '161.5']
row 355 ok ['', '', '', '', '', '']
row 356 ok ['109.3', '119.6', '104.9', '113.4', '137.3', '113.3']
row 357 ok ['', '', '', '', '', '']
row 358 ok ['', '', '', '', '', '']
row 359 ok ['', '', '', '', '', '']
updated rows 340-359
row 360 ok ['162.0', '164.3', '168.0', '168.0', '161.9', '165.5']
row 361 ok ['143.8', '143.7', '139.9', '146.3', '126.0', '132.3']
row 362 ok ['', '', '', '', '', '']
row 363 ok ['167.6', '166.4', '172.2', '172.8', '164.5', '163.3']
row 364 ok ['173.0', '177.5', '178.3', '181.0', '172.3', '177.0']
row 365 ok ['', '', '', '', '', '']
row 366 ok ['', '', '', '', '', '']
row 367 ok ['', '', '', '', '', '']
row 368 ok ['', '', '', '', '', '']
row 369 ok ['169.5', '166.0', '171.0', '172.3', '169.9', '177.2']
row 370 ok ['', '', '', '', '', '']
row 371 ok ['151.0', '161.4', '149.2', '154.0', '119.0', '135.0']
row 372 ok ['140.8', '146.6', '138.8', '146.4', '123.5', '116.8']
row 373 ok ['123.5', '98.0', '113.6', '108.0', '', '']
row 374 ok ['116.4', '112.8', '111.8', '110.0', '113.5', '114.8']
row 375 ok ['119.4', '133.8', '126.7', '142.2', '130.3', '134.0']
row 376 ok ['120.5', '152.0', '128.6', '144.3', '122.8', '141.3']
row 377 ok ['114.0', '131.6', '113.1', '135.9', '134.3', '135.0']
row 378 ok ['121.0', '141.5', '131.0', '163.6', '129.8', '138.3']
row 379 ok ['152.6', '154.3', '152.4', '156.0', '150.3', '159.5']
updated rows 360-379
row 380 ok ['136.3', '142.3', '138.4', '143.1', '135.3', '140.8']
row 381 ok ['145.3', '147.3', '149.3', '154.0', '153.3', '154.8']
row 382 ok ['119.7', '131.5', '125.3', '', '125.0', '133.0']
row 383 ok ['133.4', '138.0', '135.0', '147.6', '133.8', '136.3']
row 384 ok ['138.2', '143.2', '137.8', '153.0', '142.5', '150.0']
row 385 ok ['140.0', '146.0', '144.6', '153.8', '141.5', '140.0']
row 386 ok ['141.5', '148.2', '139.0', '143.5', '140.5', '141.8']
row 387 ok ['157.4', '164.0', '156.0', '162.6', '156.3', '162.3']
row 388 ok ['140.0', '', '138.2', '144.4', '152.3', '']
row 389 ok ['', '', '', '', '', '']
row 390 ok ['', '', '', '', '', '']
row 391 ok ['143.8', '141.8', '143.5', '147.8', '142.5', '139.5']
row 392 ok ['147.2', '147.9', '141.2', '163.3', '135.0', '142.3']
row 393 ok ['152.8', '160.2', '155.8', '165.8', '153.8', '154.3']
row 394 ok ['', '', '', '', '', '']
row 395 ok ['138.8', '143.8', '140.3', '149.8', '143.0', '149.0']
row 396 ok ['', '', '', '', '', '']
row 397 ok ['145.5', '182.8', '144.5', '', '131.3', '130.0']
row 398 ok ['140.0', '150.5', '142.0', '146.5', '108.3', '120.0']
row 399 ok ['139.1', '133.8', '125.0', '119.0', '156.2', '125.9']
updated rows 380-399
row 400 ok ['100.0', '127.2', '95.0', '118.6', '116.8', '110.8']
row 401 ok ['136.1', '134.6', '128.2', '138.3', '112.5', '126.5']
row 402 ok ['118.0', '135.1', '121.0', '124.6', '135.8', '125.0']
row 403 ok ['129.4', '137.0', '131.2', '137.4', '114.5', '123.8']
row 404 ok ['125.8', '140.1', '102.6', '131.5', '117.8', '103.5']
row 405 ok ['151.7', '156.9', '155.9', '157.1', '147.3', '146.0']
row 406 ok ['136.7', '141.7', '129.5', '144.0', '124.8', '113.3']
row 407 ok ['151.8', '113.9', '', '113.9', '', '']
row 408 ok ['142.1', '143.9', '140.3', '149.5', '116.8', '122.5']
row 409 ok ['134.8', '134.0', '135.9', '127.4', '118.3', '117.0']
row 410 ok ['118.6', '', '', '133.3', '124.5', '114.5']
row 411 ok ['134.8', '132.8', '114.8', '127.0', '127.5', '126.3']
row 412 ok ['139.3', '140.9', '130.8', '134.1', '126.3', '130.3']
row 413 ok ['143.0', '146.4', '139.3', '140.5', '138.0', '135.3']
row 414 ok ['140.3', '143.0', '129.0', '142.6', '137.3', '139.5']
row 415 ok ['142.0', '141.2', '132.2', '134.2', '139.0', '140.5']
row 416 ok ['132.1', '135.9', '112.0', '110.0', '127.3', '131.3']
row 417 ok ['139.8', '139.2', '133.4', '129.6', '119.8', '118.5']
row 418 ok ['149.6', '153.2', '143.0', '146.2', '149.3', '146.5']
row 419 ok ['145.0', '143.0', '141.0', '132.8', '148.8', '150.5']
updated rows 400-419
row 420 ok ['144.4', '143.6', '128.6', '134.2', '141.8', '140.3']
row 421 ok ['156.5', '152.3', '145.5', '145.5', '150.0', '149.5']
row 422 ok ['153.8', '155.6', '146.6', '146.4', '141.0', '136.5']
row 423 ok ['', '', '', '', '114.3', '124.8']
row 424 ok ['143.2', '145.3', '133.7', '129.8', '140.8', '141.0']
row 425 ok ['150.6', '150.4', '146.6', '146.2', '151.0', '149.5']
row 426 ok ['145.4', '150.0', '140.4', '137.6', '148.5', '148.3']
row 427 ok ['150.8', '149.7', '144.4', '142.1', '143.8', '141.8']
row 428 ok ['157.0', '168.0', '155.5', '158.0', '158.5', '160.3']
row 429 ok ['', '', '', '', '160.0', '159.3']
row 430 ok ['130.3', '130.8', '116.2', '134.4', '113.3', '131.3']
row 431 ok ['138.1', '138.0', '131.0', '151.6', '132.8', '134.0']
row 432 ok ['113.7', '129.5', '114.6', '111.0', '113.3', '115.3']
row 433 ok ['101.0', '123.3', '115.0', '111.1', '114.5', '114.8']
row 434 ok ['137.7', '135.1', '126.0', '127.1', '118.5', '114.0']
row 435 ok ['153.9', '151.3', '156.1', '142.3', '113.8', '128.0']
row 436 ok ['', '', '102.0', '114.0', '103.5', '114.5']
row 437 ok ['', '', '', '', '135.3', '121.8']
row 438 ok ['151.5', '136.0', '148.7', '125.3', '126.8', '120.0']
row 439 ok ['142.2', '136.2', '137.4', '123.0', '131.0', '124.3']
updated rows 420-439
row 440 ok ['', '', '', '', '', '']
row 441 ok ['', '', '', '', '', '']
row 442 ok ['186.8', '192.0', '187.3', '', '185.0', '192.5']
row 443 ok ['188.6', '', '191.4', '', '188.5', '']
row 444 ok ['', '', '194.5', '', '194.3', '']
row 445 ok ['', '', '', '', '', '']
row 446 ok ['', '', '', '', '', '']
row 447 ok ['', '', '', '', '', '']
row 448 ok ['', '', '', '', '', '']
row 449 ok ['', '', '', '', '161.0', '']
row 450 ok ['115.5', '120.3', '108.5', '117.3', '109.5', '113.8']
row 451 ok ['129.5', '126.3', '116.5', '126.0', '113.8', '118.8']
row 452 ok ['', '', '', '', '', '']
row 453 ok ['', '', '', '', '', '']
row 454 ok ['117.8', '107.8', '110.0', '116.8', '113.0', '119.8']
row 455 ok ['', '', '', '', '', '']
row 456 ok ['', '', '', '', '', '']
row 457 ok ['', '', '', '', '', '']
row 458 ok ['', '', '', '', '', '']
row 459 ok ['122.5', '120.3', '115.3', '111.5', '117.0', '124.5']
updated rows 440-459
row 460 ok ['135.5', '135.3', '142.3', '141.5', '134.8', '146.8']
row 461 ok ['133.5', '141.5', '135.5', '146.0', '138.0', '153.5']
row 462 ok ['', '', '', '', '', '']
row 463 ok ['', '', '', '', '', '']
row 464 ok ['', '', '', '', '', '']
row 465 ok ['149.0', '', '126.9', '121.8', '', '121.8']
row 466 ok ['115.2', '126.6', '126.4', '140.9', '121.3', '109.0']
row 467 ok ['151.3', '168.8', '166.8', '176.3', '156.8', '154.5']
row 468 ok ['125.1', '134.0', '135.9', '130.9', '129.5', '127.5']
row 469 ok ['145.0', '149.8', '150.5', '164.8', '144.0', '151.3']
row 470 ok ['171.0', '174.4', '171.4', '170.8', '162.5', '173.3']
row 471 ok ['', '', '', '', '132.0', '129.0']
row 472 ok ['', '', '', '', '', '']
row 473 ok ['', '', '', '', '', '']
row 474 ok ['171.3', '171.8', '176.5', '181.5', '174.0', '']
row 475 ok ['138.4', '153.0', '133.5', '129.4', '122.5', '133.5']
row 476 ok ['171.2', '179.2', '171.8', '175.4', '156.8', '158.5']
row 477 ok ['', '', '', '', '', '']
row 478 ok ['147.0', '143.0', '159.0', '169.8', '154.8', '162.8']
row 479 ok ['', '', '', '', '', '']
updated rows 460-479
row 480 ok ['129.8', '134.2', '144.9', '', '122.8', '122.3']
row 481 ok ['', '', '', '', '', '118.0']
row 482 ok ['131.7', '121.4', '113.4', '136.5', '118.5', '148.0']
row 483 ok ['136.7', '123.0', '135.4', '129.6', '110.5', '129.0']
row 484 ok ['107.0', '124.6', '123.7', '142.2', '120.8', '146.0']
row 485 ok ['', '', '', '179.0', '', '']
row 486 ok ['', '110.1', '', '122.9', '120.5', '121.3']
row 487 ok ['', '', '', '', '', '']
row 488 ok ['133.4', '', '134.6', '141.2', '113.8', '117.8']
row 489 ok ['133.8', '154.3', '142.3', '158.7', '148.0', '155.5']
row 490 ok ['', '', '', '', '', '']
row 491 ok ['126.1', '122.0', '120.8', '126.1', '126.8', '115.3']
row 492 ok ['', '', '', '', '', '']
row 493 ok ['', '', '', '', '', '']
row 494 ok ['121.8', '135.5', '139.5', '146.8', '141.3', '149.0']
row 495 ok ['121.1', '137.2', '111.9', '129.7', '124.0', '139.0']
row 496 ok ['159.3', '147.9', '139.8', '128.6', '134.3', '119.8']
row 497 ok ['140.6', '151.6', '151.6', '157.2', '148.3', '151.5']
row 498 ok ['136.5', '161.5', '143.8', '153.5', '152.5', '157.3']
row 499 ok ['', '', '', '', '', '']
updated rows 480-499
row 500 ok ['121.6', '130.7', '125.2', '121.6', '123.0', '120.0']
row 501 ok ['', '', '', '', '', '']
row 502 ok ['128.8', '112.6', '140.7', '126.3', '136.3', '127.0']
row 503 ok ['', '', '', '', '', '']
row 504 ok ['', '', '', '', '', '']
row 505 ok ['', '', '', '', '', '']
row 506 ok ['', '', '', '', '', '']
row 507 ok ['151.6', '125.2', '141.6', '125.0', '118.5', '113.3']
row 508 ok ['', '', '', '', '', '']
row 509 ok ['123.8', '126.3', '120.0', '128.5', '120.3', '132.0']
row 510 ok ['114.8', '118.4', '121.6', '148.4', '117.5', '149.0']
row 511 ok ['161.6', '', '147.2', '', '', '138.8']
row 512 ok ['111.4', '115.2', '117.2', '116.6', '113.5', '110.8']
row 513 ok ['110.1', '120.6', '108.0', '122.6', '103.8', '121.0']
row 514 ok ['125.5', '126.5', '130.5', '133.3', '137.3', '117.3']
row 515 ok ['141.5', '123.0', '127.2', '123.0', '117.8', '115.5']
row 516 ok ['139.7', '127.3', '', '124.9', '128.3', '115.0']
row 517 ok ['', '', '', '', '', '112.0']
row 518 ok ['125.8', '129.4', '121.4', '117.3', '136.3', '127.0']
row 519 ok ['134.4', '150.6', '144.3', '150.6', '142.5', '155.8']
updated rows 500-519
row 520 ok ['', '', '', '', '', '']
row 521 ok ['', '', '', '', '', '']
row 522 ok ['126.9', '115.0', '125.2', '118.2', '108.3', '130.5']
row 523 ok ['', '', '', '', '', '']
row 524 ok ['', '', '', '', '', '']
row 525 ok ['131.8', '150.8', '140.0', '150.5', '140.0', '154.8']
row 526 ok ['122.5', '116.6', '127.7', '123.6', '113.8', '130.0']
row 527 ok ['122.0', '122.7', '128.4', '126.5', '177.0', '132.3']
row 528 ok ['145.3', '147.0', '151.3', '156.5', '148.3', '175.5']
row 529 ok ['', '', '', '', '', '']
row 530 ok ['', '', '159.1', '', '', '']
row 531 ok ['131.6', '135.8', '131.7', '129.3', '123.8', '127.3']
row 532 ok ['', '', '', '', '', '']
row 533 ok ['126.2', '132.5', '139.2', '155.7', '138.5', '155.0']
row 534 ok ['', '', '', '', '', '']
row 535 ok ['126.2', '139.9', '131.3', '152.3', '126.0', '']
row 536 ok ['123.3', '142.3', '123.8', '118.8', '121.5', '118.8']
row 537 ok ['', '', '', '', '', '']
row 538 ok ['', '', '', '', '', '144.0']
row 539 ok ['', '', '', '', '', '']
updated rows 520-539
row 540 ok ['', '', '', '', '', '']
row 541 ok ['', '', '', '', '', '']
row 542 ok ['155.0', '154.0', '156.5', '157.8', '153.5', '167.8']
row 543 ok ['154.7', '', '156.3', '130.2', '147.0', '133.8']
row 544 ok ['148.4', '', '157.2', '126.6', '133.5', '139.3']
row 545 ok ['147.0', '', '145.8', '144.8', '137.3', '142.8']
row 546 ok ['', '', '', '', '', '']
row 547 ok ['128.5', '129.3', '118.5', '119.5', '133.5', '106.5']
row 548 ok ['', '', '', '', '', '']
row 549 ok ['', '', '', '', '162.0', '143.5']
row 550 ok ['181.0', '186.5', '182.8', '188.8', '177.8', '']
row 551 ok ['116.8', '124.3', '123.3', '105.5', '141.8', '134.0']
row 552 ok ['123.0', '122.3', '122.8', '114.5', '115.8', '114.8']
row 553 ok ['139.0', '114.8', '113.3', '122.0', '116.3', '122.3']
row 554 ok ['138.6', '123.5', '117.5', '137.8', '119.0', '155.0']
row 555 ok ['', '', '', '', '', '']
row 556 ok ['', '', '', '', '141.8', '131.3']
row 557 ok ['', '', '', '', '', '']
row 558 ok ['133.5', '129.2', '134.0', '158.3', '134.3', '142.3']
row 559 ok ['161.1', '123.8', '144.2', '117.9', '127.8', '126.3']
updated rows 540-559
row 560 ok ['128.5', '135.0', '135.5', '', '126.8', '129.5']
row 561 ok ['177.4', '180.5', '180.7', '186.1', '176.0', '177.3']
row 562 ok ['', '', '', '', '', '']
row 563 ok ['', '', '', '', '', '']
row 564 ok ['', '', '', '', '', '']
row 565 ok ['165.8', '', '169.8', '174.3', '168.5', '176.5']
row 566 ok ['125.8', '142.6', '132.2', '157.8', '120.0', '141.5']
row 567 ok ['173.8', '173.6', '175.6', '182.4', '169.5', '174.0']
row 568 ok ['185.5', '', '186.3', '192.0', '186.5', '193.5']
row 569 ok ['', '', '', '', '', '']
row 570 ok ['142.0', '146.4', '146.2', '149.2', '137.0', '153.3']
row 571 ok ['123.0', '111.7', '120.3', '116.2', '135.0', '121.5']
row 572 ok ['124.9', '115.0', '125.7', '114.9', '166.0', '133.8']
row 573 ok ['115.5', '114.5', '118.4', '121.4', '145.0', '137.0']
row 574 ok ['108.0', '115.7', '120.9', '114.6', '119.0', '116.8']
row 575 ok ['112.7', '126.7', '111.9', '120.8', '121.7', '115.3']
row 576 ok ['145.8', '152.7', '143.0', '164.1', '111.3', '137.0']
row 577 ok ['142.5', '175.4', '137.7', '153.1', '118.0', '115.3']
row 578 ok ['', '', '138.3', '126.0', '', '140.3']
row 579 ok ['', '', '', '', '', '']
updated rows 560-579
row 580 ok ['139.2', '155.5', '143.3', '152.3', '118.0', '140.3']
row 581 ok ['109.1', '120.4', '121.8', '109.7', '129.5', '123.8']
row 582 ok ['129.8', '145.2', '135.8', '156.1', '117.3', '121.8']
row 583 ok ['134.1', '143.1', '142.0', '153.5', '123.3', '117.8']
row 584 ok ['151.8', '155.4', '157.1', '157.4', '117.0', '142.8']
row 585 ok ['165.1', '171.9', '169.0', '171.3', '150.0', '166.0']
row 586 ok ['162.0', '173.0', '164.0', '166.5', '150.8', '159.3']
row 587 ok ['', '', '', '', '', '']
row 588 ok ['120.2', '154.5', '124.2', '138.5', '142.0', '112.8']
row 589 ok ['', '', '', '', '', '']
row 590 ok ['', '', '', '', '', '']
row 591 ok ['', '', '', '', '', '']
row 592 ok ['158.5', '164.5', '159.3', '166.0', '134.3', '159.8']
row 593 ok ['129.7', '138.8', '128.3', '142.8', '117.3', '111.8']
row 594 ok ['', '', '', '', '', '']
row 595 ok ['165.6', '176.4', '170.6', '171.4', '135.5', '157.0']
row 596 ok ['', '', '', '', '', '']
row 597 ok ['142.7', '', '139.2', '153.5', '125.5', '128.5']
row 598 ok ['', '', '139.2', '146.0', '118.5', '121.5']
row 599 ok ['171.3', '177.5', '170.8', '181.3', '167.3', '183.0']
updated rows 580-599
row 600 ok ['133.9', '137.2', '132.2', '139.1', '120.8', '120.3']
row 601 ok ['142.5', '148.0', '139.0', '145.5', '116.3', '135.0']
row 602 ok ['179.5', '180.5', '180.0', '185.0', '166.3', '180.8']
row 603 ok ['171.0', '177.5', '174.5', '182.0', '136.3', '157.5']
row 604 ok ['135.5', '144.0', '131.5', '144.0', '118.8', '112.8']
row 605 ok ['139.2', '150.0', '134.4', '148.8', '112.0', '118.5']
row 606 ok ['137.7', '147.9', '130.2', '', '', '111.0']
row 607 ok ['121.5', '149.4', '119.6', '143.8', '', '112.5']
row 608 ok ['145.0', '154.0', '141.5', '152.8', '136.0', '151.8']
row 609 ok ['108.4', '113.5', '118.5', '121.0', '', '']
row 610 ok ['121.7', '124.9', '125.4', '114.1', '114.3', '116.0']
row 611 ok ['', '', '', '', '', '']
row 612 ok ['146.3', '160.8', '153.5', '175.0', '151.3', '']
row 613 ok ['136.8', '137.8', '142.2', '159.4', '116.3', '139.5']
row 614 ok ['148.8', '163.3', '150.5', '175.8', '148.5', '163.0']
row 615 ok ['', '', '', '', '', '']
row 616 ok ['', '', '', '', '', '']
row 617 ok ['119.7', '116.3', '123.6', '138.1', '123.5', '129.0']
row 618 ok ['125.1', '129.5', '122.7', '128.0', '120.3', '119.5']
row 619 ok ['130.2', '142.8', '133.8', '150.5', '121.3', '139.3']
updated rows 600-619
row 620 ok ['124.7', '119.8', '124.4', '121.5', '132.0', '112.5']
row 621 ok ['', '', '', '122.1', '135.0', '']
row 622 ok ['148.2', '117.4', '117.2', '121.3', '116.8', '121.3']
row 623 ok ['122.6', '119.1', '120.2', '122.9', '121.8', '127.5']
row 624 ok ['163.6', '176.0', '166.4', '164.5', '155.8', '159.5']
row 625 ok ['', '', '', '', '', '']
row 626 ok ['', '', '', '', '', '']
row 627 ok ['173.0', '178.5', '179.3', '183.0', '175.0', '183.5']
row 628 ok ['133.0', '143.7', '131.4', '150.4', '126.0', '141.0']
row 629 ok ['120.9', '148.1', '136.8', '136.6', '125.5', '130.3']
row 630 ok ['164.8', '', '169.6', '169.4', '159.8', '168.8']
row 631 ok ['175.3', '', '178.8', '178.8', '179.8', '187.5']
row 632 ok ['', '', '', '', '', '']
row 633 ok ['147.0', '157.0', '151.2', '158.9', '143.0', '158.3']
row 634 ok ['', '', '', '', '', '']
row 635 ok ['', '', '', '', '', '']
row 636 ok ['', '', '', '110.8', '', '']
row 637 ok ['', '153.0', '', '127.6', '', '']
row 638 ok ['', '', '', '', '', '']
row 639 ok ['', '', '', '', '', '']
updated rows 620-639
row 640 ok ['', '', '', '', '', '']
row 641 ok ['121.0', '120.8', '126.5', '130.5', '129.0', '147.5']
row 642 ok ['136.0', '', '130.3', '137.8', '129.5', '148.3']
row 643 ok ['158.3', '', '172.3', '178.0', '163.8', '166.0']
row 644 ok ['', '', '', '', '', '']
row 645 ok ['127.4', '131.2', '133.0', '136.6', '129.0', '146.3']
row 646 ok ['', '', '', '', '', '']
row 647 ok ['', '', '', '', '', '']
row 648 ok ['130.3', '132.5', '134.6', '145.5', '131.5', '152.0']
row 649 ok ['', '', '', '', '', '']
row 650 ok ['', '', '', '', '', '']
row 651 ok ['143.3', '150.3', '156.5', '169.3', '153.5', '155.0']
row 652 ok ['159.8', '172.8', '164.0', '183.0', '165.3', '166.5']
row 653 ok ['121.6', '115.2', '122.2', '126.4', '119.5', '119.3']
row 654 ok ['', '', '', '', '', '']
row 655 ok ['140.8', '154.4', '148.0', '147.8', '128.8', '124.8']
row 656 ok ['', '', '', '', '', '']
row 657 ok ['120.2', '121.7', '128.3', '114.5', '', '120.5']
row 658 ok ['148.1', '151.1', '147.9', '159.9', '116.5', '154.3']
row 659 ok ['', '', '', '', '', '']
updated rows 640-659
row 660 ok ['149.7', '167.7', '155.3', '154.2', '119.0', '134.8']
row 661 ok ['128.4', '150.2', '135.6', '153.4', '189.5', '121.5']
row 662 ok ['114.6', '128.4', '128.6', '120.4', '', '126.5']
row 663 ok ['', '', '', '', '', '']
row 664 ok ['139.3', '157.9', '145.4', '151.8', '121.8', '150.0']
row 665 ok ['131.8', '139.5', '127.5', '139.5', '131.5', '144.0']
row 666 ok ['134.0', '146.8', '124.3', '131.3', '121.0', '120.3']
row 667 ok ['116.4', '124.8', '123.0', '135.2', '121.5', '118.5']
row 668 ok ['123.4', '127.2', '123.8', '129.6', '127.5', '115.5']
row 669 ok ['', '', '', '', '', '']
row 670 ok ['', '', '', '', '', '']
row 671 ok ['', '', '', '', '136.5', '']
row 672 ok ['123.3', '115.3', '123.8', '127.5', '118.0', '127.3']
row 673 ok ['', '102.0', '', '', '', '']
row 674 ok ['', '', '', '', '', '']
row 675 ok ['119.4', '114.0', '118.4', '121.0', '115.7', '116.0']
row 676 ok ['', '', '124.5', '143.3', '134.3', '123.5']
row 677 ok ['151.5', '161.0', '146.8', '150.5', '146.8', '157.0']
row 678 ok ['145.5', '156.3', '147.0', '145.8', '128.8', '115.0']
row 679 ok ['136.4', '144.2', '122.0', '135.2', '117.0', '114.5']
updated rows 660-679
row 680 ok ['132.5', '136.5', '124.5', '136.5', '119.5', '124.5']
row 681 ok ['', '', '', '', '', '']
row 682 ok ['', '', '', '', '145.8', '145.0']
row 683 ok ['148.5', '146.5', '146.0', '', '132.0', '134.8']
row 684 ok ['', '', '', '', '', '']
row 685 ok ['140.5', '140.0', '122.5', '140.5', '117.3', '131.3']
row 686 ok ['147.0', '150.0', '111.0', '140.5', '125.8', '']
row 687 ok ['96.0', '130.3', '112.7', '130.8', '', '114.5']
row 688 ok ['152.0', '161.0', '150.5', '159.0', '129.3', '135.5']
row 689 ok ['160.4', '162.0', '143.8', '157.2', '118.5', '130.5']
row 690 ok ['', '', '', '', '', '']
row 691 ok ['153.5', '152.0', '154.0', '156.5', '143.0', '141.0']
row 692 ok ['', '', '', '', '', '']
row 693 ok ['153.5', '151.0', '152.5', '155.0', '110.3', '127.8']
row 694 ok ['', '', '', '', '', '']
row 695 ok ['', '', '', '', '', '']
row 696 ok ['', '', '', '', '', '']
row 697 ok ['152.2', '168.6', '145.2', '150.8', '123.0', '121.8']
row 698 ok ['141.5', '153.5', '131.5', '147.5', '133.3', '131.3']
row 699 ok ['141.8', '148.4', '138.0', '155.2', '126.3', '121.0']
updated rows 680-699
row 700 ok ['', '', '', '', '', '']
row 701 ok ['', '', '', '', '', '']
row 702 ok ['', '', '', '', '', '']
row 703 ok ['120.4', '121.0', '95.0', '95.0', '112.3', '113.8']
row 704 ok ['121.0', '108.0', '109.3', '106.0', '119.5', '103.8']
row 705 ok ['141.8', '141.8', '137.9', '138.8', '124.0', '117.0']
row 706 ok ['152.7', '149.4', '148.0', '145.0', '123.3', '121.8']
row 707 ok ['150.5', '148.0', '142.0', '134.0', '129.0', '121.0']
row 708 ok ['138.2', '133.2', '126.9', '125.9', '112.3', '110.8']
row 709 ok ['', '', '', '', '', '']
row 710 ok ['', '', '', '', '', '']
row 711 ok ['', '', '', '', '', '']
row 712 ok ['146.5', '142.5', '151.0', '149.0', '140.0', '136.8']
row 713 ok ['142.4', '150.8', '148.2', '146.8', '145.0', '143.5']
row 714 ok ['145.8', '147.0', '150.8', '150.0', '151.0', '149.8']
row 715 ok ['', '', '', '', '', '']
row 716 ok ['', '', '', '', '', '']
row 717 ok ['144.4', '149.9', '149.3', '153.2', '132.0', '133.5']
row 718 ok ['158.0', '157.6', '163.6', '163.6', '157.8', '164.0']
row 719 ok ['161.8', '163.0', '166.0', '169.0', '162.9', '170.3']
updated rows 700-719
row 720 ok ['144.8', '145.4', '145.7', '147.7', '127.0', '117.8']
row 721 ok ['158.0', '160.0', '163.0', '165.3', '157.3', '158.5']
row 722 ok ['161.1', '162.4', '159.6', '165.4', '153.5', '153.0']
row 723 ok ['146.5', '149.6', '147.7', '152.2', '124.5', '134.5']
row 724 ok ['133.6', '133.8', '126.6', '151.4', '123.3', '122.8']
row 725 ok ['142.6', '143.8', '140.3', '144.7', '128.8', '126.5']
row 726 ok ['132.9', '141.8', '128.6', '140.3', '133.0', '']
row 727 ok ['', '', '', '', '', '']
row 728 ok ['', '', '', '', '', '']
row 729 ok ['154.0', '156.5', '150.5', '150.3', '146.5', '146.8']
row 730 ok ['117.6', '125.2', '111.2', '117.6', '131.8', '119.8']
row 731 ok ['125.3', '128.8', '125.0', '115.3', '120.3', '131.3']
row 732 ok ['', '', '', '', '', '']
row 733 ok ['', '', '', '', '', '']
row 734 ok ['', '', '', '', '', '']
row 735 ok ['', '', '', '', '', '']
row 736 ok ['145.3', '141.9', '131.4', '132.8', '133.0', '114.8']
row 737 ok ['153.2', '151.3', '147.4', '151.6', '134.0', '120.5']
row 738 ok ['158.4', '156.3', '144.4', '143.6', '134.0', '136.8']
row 739 ok ['153.0', '155.5', '145.5', '145.5', '135.0', '116.5']
